# JRE version: Java(TM) SE Runtime Environment (7.0_80-b15) (build 1.7.0_80-b15)
# Java VM: Java HotSpot(TM) Client VM (24.80-b11 mixed mode, sharing windows-x86 )
Heap
 def new generation   total 4928K, used 1548K [0x24600000, 0x24b50000, 0x29b50000)
  eden space 4416K,  23% used [0x24600000, 0x247067e0, 0x24a50000)
  from space 512K,  97% used [0x24a50000, 0x24accb80, 0x24ad0000)
  to   space 512K,   0% used [0x24ad0000, 0x24ad0000, 0x24b50000)
 tenured generation   total 10944K, used 5912K [0x29b50000, 0x2a600000, 0x34600000)
   the space 10944K,  54% used [0x29b50000, 0x2a1163f8, 0x2a116400, 0x2a600000)
 compacting perm gen  total 12288K, used 8509K [0x34600000, 0x35200000, 0x38600000)
   the space 12288K,  69% used [0x34600000, 0x34e4f500, 0x34e4f600, 0x35200000)
    ro space 10240K,  42% used [0x38600000, 0x38a37108, 0x38a37200, 0x39000000)
    rw space 12288K,  52% used [0x39000000, 0x39641738, 0x39641800, 0x39c00000)
GC Heap History (10 events):
Event: 1.518 GC heap before
{Heap before GC invocations=5 (full 0):
 def new generation   total 4928K, used 4928K [0x24600000, 0x24b50000, 0x29b50000)
  eden space 4416K, 100% used [0x24600000, 0x24a50000, 0x24a50000)
  from space 512K, 100% used [0x24ad0000, 0x24b50000, 0x24b50000)
  to   space 512K,   0% used [0x24a50000, 0x24a50000, 0x24ad0000)
 tenured generation   total 10944K, used 2835K [0x29b50000, 0x2a600000, 0x34600000)
   the space 10944K,  25% used [0x29b50000, 0x29e14f20, 0x29e15000, 0x2a600000)
 compacting perm gen  total 12288K, used 5272K [0x34600000, 0x35200000, 0x38600000)
   the space 12288K,  42% used [0x34600000, 0x34b260c8, 0x34b26200, 0x35200000)
    ro space 10240K,  42% used [0x38600000, 0x38a37108, 0x38a37200, 0x39000000)
    rw space 12288K,  52% used [0x39000000, 0x39641738, 0x39641800, 0x39c00000)
Event: 1.525 GC heap after
Heap after GC invocations=6 (full 0):
 def new generation   total 4928K, used 512K [0x24600000, 0x24b50000, 0x29b50000)
  eden space 4416K,   0% used [0x24600000, 0x24600000, 0x24a50000)
  from space 512K, 100% used [0x24a50000, 0x24ad0000, 0x24ad0000)
  to   space 512K,   0% used [0x24ad0000, 0x24ad0000, 0x24b50000)
 tenured generation   total 10944K, used 3587K [0x29b50000, 0x2a600000, 0x34600000)
   the space 10944K,  32% used [0x29b50000, 0x29ed0e28, 0x29ed1000, 0x2a600000)
 compacting perm gen  total 12288K, used 5272K [0x34600000, 0x35200000, 0x38600000)
   the space 12288K,  42% used [0x34600000, 0x34b260c8, 0x34b26200, 0x35200000)
    ro space 10240K,  42% used [0x38600000, 0x38a37108, 0x38a37200, 0x39000000)
    rw space 12288K,  52% used [0x39000000, 0x39641738, 0x39641800, 0x39c00000)
}
Event: 1.773 GC heap before
{Heap before GC invocations=6 (full 0):
 def new generation   total 4928K, used 4928K [0x24600000, 0x24b50000, 0x29b50000)
  eden space 4416K, 100% used [0x24600000, 0x24a50000, 0x24a50000)
  from space 512K, 100% used [0x24a50000, 0x24ad0000, 0x24ad0000)
  to   space 512K,   0% used [0x24ad0000, 0x24ad0000, 0x24b50000)
 tenured generation   total 10944K, used 3587K [0x29b50000, 0x2a600000, 0x34600000)
   the space 10944K,  32% used [0x29b50000, 0x29ed0e28, 0x29ed1000, 0x2a600000)
 compacting perm gen  total 12288K, used 5869K [0x34600000, 0x35200000, 0x38600000)
   the space 12288K,  47% used [0x34600000, 0x34bbb720, 0x34bbb800, 0x35200000)
    ro space 10240K,  42% used [0x38600000, 0x38a37108, 0x38a37200, 0x39000000)
    rw space 12288K,  52% used [0x39000000, 0x39641738, 0x39641800, 0x39c00000)
Event: 1.778 GC heap after
Heap after GC invocations=7 (full 0):
 def new generation   total 4928K, used 512K [0x24600000, 0x24b50000, 0x29b50000)
  eden space 4416K,   0% used [0x24600000, 0x24600000, 0x24a50000)
  from space 512K, 100% used [0x24ad0000, 0x24b50000, 0x24b50000)
  to   space 512K,   0% used [0x24a50000, 0x24a50000, 0x24ad0000)
 tenured generation   total 10944K, used 4826K [0x29b50000, 0x2a600000, 0x34600000)
   the space 10944K,  44% used [0x29b50000, 0x2a006a58, 0x2a006c00, 0x2a600000)
 compacting perm gen  total 12288K, used 5869K [0x34600000, 0x35200000, 0x38600000)
   the space 12288K,  47% used [0x34600000, 0x34bbb720, 0x34bbb800, 0x35200000)
    ro space 10240K,  42% used [0x38600000, 0x38a37108, 0x38a37200, 0x39000000)
    rw space 12288K,  52% used [0x39000000, 0x39641738, 0x39641800, 0x39c00000)
}
Event: 2.061 GC heap before
{Heap before GC invocations=7 (full 0):
 def new generation   total 4928K, used 4928K [0x24600000, 0x24b50000, 0x29b50000)
  eden space 4416K, 100% used [0x24600000, 0x24a50000, 0x24a50000)
  from space 512K, 100% used [0x24ad0000, 0x24b50000, 0x24b50000)
  to   space 512K,   0% used [0x24a50000, 0x24a50000, 0x24ad0000)
 tenured generation   total 10944K, used 4826K [0x29b50000, 0x2a600000, 0x34600000)
   the space 10944K,  44% used [0x29b50000, 0x2a006a58, 0x2a006c00, 0x2a600000)
 compacting perm gen  total 12288K, used 6828K [0x34600000, 0x35200000, 0x38600000)
   the space 12288K,  55% used [0x34600000, 0x34cab150, 0x34cab200, 0x35200000)
    ro space 10240K,  42% used [0x38600000, 0x38a37108, 0x38a37200, 0x39000000)
    rw space 12288K,  52% used [0x39000000, 0x39641738, 0x39641800, 0x39c00000)
Event: 2.067 GC heap after
Heap after GC invocations=8 (full 0):
 def new generation   total 4928K, used 216K [0x24600000, 0x24b50000, 0x29b50000)
  eden space 4416K,   0% used [0x24600000, 0x24600000, 0x24a50000)
  from space 512K,  42% used [0x24a50000, 0x24a860d8, 0x24ad0000)
  to   space 512K,   0% used [0x24ad0000, 0x24ad0000, 0x24b50000)
 tenured generation   total 10944K, used 5329K [0x29b50000, 0x2a600000, 0x34600000)
   the space 10944K,  48% used [0x29b50000, 0x2a084700, 0x2a084800, 0x2a600000)
 compacting perm gen  total 12288K, used 6828K [0x34600000, 0x35200000, 0x38600000)
   the space 12288K,  55% used [0x34600000, 0x34cab150, 0x34cab200, 0x35200000)
    ro space 10240K,  42% used [0x38600000, 0x38a37108, 0x38a37200, 0x39000000)
    rw space 12288K,  52% used [0x39000000, 0x39641738, 0x39641800, 0x39c00000)
}
Event: 2.307 GC heap before
{Heap before GC invocations=8 (full 0):
 def new generation   total 4928K, used 4632K [0x24600000, 0x24b50000, 0x29b50000)
  eden space 4416K, 100% used [0x24600000, 0x24a50000, 0x24a50000)
  from space 512K,  42% used [0x24a50000, 0x24a860d8, 0x24ad0000)
  to   space 512K,   0% used [0x24ad0000, 0x24ad0000, 0x24b50000)
 tenured generation   total 10944K, used 5329K [0x29b50000, 0x2a600000, 0x34600000)
   the space 10944K,  48% used [0x29b50000, 0x2a084700, 0x2a084800, 0x2a600000)
 compacting perm gen  total 12288K, used 7681K [0x34600000, 0x35200000, 0x38600000)
   the space 12288K,  62% used [0x34600000, 0x34d804b8, 0x34d80600, 0x35200000)
    ro space 10240K,  42% used [0x38600000, 0x38a37108, 0x38a37200, 0x39000000)
    rw space 12288K,  52% used [0x39000000, 0x39641738, 0x39641800, 0x39c00000)
Event: 2.313 GC heap after
Heap after GC invocations=9 (full 0):
 def new generation   total 4928K, used 511K [0x24600000, 0x24b50000, 0x29b50000)
  eden space 4416K,   0% used [0x24600000, 0x24600000, 0x24a50000)
  from space 512K,  99% used [0x24ad0000, 0x24b4fff8, 0x24b50000)
  to   space 512K,   0% used [0x24a50000, 0x24a50000, 0x24ad0000)
 tenured generation   total 10944K, used 5403K [0x29b50000, 0x2a600000, 0x34600000)
   the space 10944K,  49% used [0x29b50000, 0x2a096e98, 0x2a097000, 0x2a600000)
 compacting perm gen  total 12288K, used 7681K [0x34600000, 0x35200000, 0x38600000)
   the space 12288K,  62% used [0x34600000, 0x34d804b8, 0x34d80600, 0x35200000)
    ro space 10240K,  42% used [0x38600000, 0x38a37108, 0x38a37200, 0x39000000)
    rw space 12288K,  52% used [0x39000000, 0x39641738, 0x39641800, 0x39c00000)
}
Event: 3.583 GC heap before
{Heap before GC invocations=9 (full 0):
 def new generation   total 4928K, used 4927K [0x24600000, 0x24b50000, 0x29b50000)
  eden space 4416K, 100% used [0x24600000, 0x24a50000, 0x24a50000)
  from space 512K,  99% used [0x24ad0000, 0x24b4fff8, 0x24b50000)
  to   space 512K,   0% used [0x24a50000, 0x24a50000, 0x24ad0000)
 tenured generation   total 10944K, used 5403K [0x29b50000, 0x2a600000, 0x34600000)
   the space 10944K,  49% used [0x29b50000, 0x2a096e98, 0x2a097000, 0x2a600000)
 compacting perm gen  total 12288K, used 8246K [0x34600000, 0x35200000, 0x38600000)
   the space 12288K,  67% used [0x34600000, 0x34e0db98, 0x34e0dc00, 0x35200000)
    ro space 10240K,  42% used [0x38600000, 0x38a37108, 0x38a37200, 0x39000000)
    rw space 12288K,  52% used [0x39000000, 0x39641738, 0x39641800, 0x39c00000)
Event: 3.590 GC heap after
Heap after GC invocations=10 (full 0):
 def new generation   total 4928K, used 498K [0x24600000, 0x24b50000, 0x29b50000)
  eden space 4416K,   0% used [0x24600000, 0x24600000, 0x24a50000)
  from space 512K,  97% used [0x24a50000, 0x24accb80, 0x24ad0000)
  to   space 512K,   0% used [0x24ad0000, 0x24ad0000, 0x24b50000)
 tenured generation   total 10944K, used 5912K [0x29b50000, 0x2a600000, 0x34600000)
   the space 10944K,  54% used [0x29b50000, 0x2a1163f8, 0x2a116400, 0x2a600000)
 compacting perm gen  total 12288K, used 8246K [0x34600000, 0x35200000, 0x38600000)
   the space 12288K,  67% used [0x34600000, 0x34e0db98, 0x34e0dc00, 0x35200000)
    ro space 10240K,  42% used [0x38600000, 0x38a37108, 0x38a37200, 0x39000000)
    rw space 12288K,  52% used [0x39000000, 0x39641738, 0x39641800, 0x39c00000)
}

