# JRE version: Java(TM) SE Runtime Environment (7.0_80-b15) (build 1.7.0_80-b15)
# Java VM: Java HotSpot(TM) Client VM (24.80-b11 mixed mode, sharing windows-x86 )
Heap
 def new generation   total 4928K, used 540K [0x24600000, 0x24b50000, 0x29b50000)
  eden space 4416K,   6% used [0x24600000, 0x2464c738, 0x24a50000)
  from space 512K,  45% used [0x24a50000, 0x24a8aa80, 0x24ad0000)
  to   space 512K,   0% used [0x24ad0000, 0x24ad0000, 0x24b50000)
 tenured generation   total 10944K, used 7046K [0x29b50000, 0x2a600000, 0x34600000)
   the space 10944K,  64% used [0x29b50000, 0x2a2319f0, 0x2a231a00, 0x2a600000)
 compacting perm gen  total 12288K, used 8542K [0x34600000, 0x35200000, 0x38600000)
   the space 12288K,  69% used [0x34600000, 0x34e579f0, 0x34e57a00, 0x35200000)
    ro space 10240K,  42% used [0x38600000, 0x38a37108, 0x38a37200, 0x39000000)
    rw space 12288K,  52% used [0x39000000, 0x39641738, 0x39641800, 0x39c00000)
GC Heap History (10 events):
Event: 1.445 GC heap before
{Heap before GC invocations=7 (full 0):
 def new generation   total 4928K, used 4928K [0x24600000, 0x24b50000, 0x29b50000)
  eden space 4416K, 100% used [0x24600000, 0x24a50000, 0x24a50000)
  from space 512K, 100% used [0x24ad0000, 0x24b50000, 0x24b50000)
  to   space 512K,   0% used [0x24a50000, 0x24a50000, 0x24ad0000)
 tenured generation   total 10944K, used 4409K [0x29b50000, 0x2a600000, 0x34600000)
   the space 10944K,  40% used [0x29b50000, 0x29f9e408, 0x29f9e600, 0x2a600000)
 compacting perm gen  total 12288K, used 5985K [0x34600000, 0x35200000, 0x38600000)
   the space 12288K,  48% used [0x34600000, 0x34bd8568, 0x34bd8600, 0x35200000)
    ro space 10240K,  42% used [0x38600000, 0x38a37108, 0x38a37200, 0x39000000)
    rw space 12288K,  52% used [0x39000000, 0x39641738, 0x39641800, 0x39c00000)
Event: 1.447 GC heap after
Heap after GC invocations=8 (full 0):
 def new generation   total 4928K, used 504K [0x24600000, 0x24b50000, 0x29b50000)
  eden space 4416K,   0% used [0x24600000, 0x24600000, 0x24a50000)
  from space 512K,  98% used [0x24a50000, 0x24ace2a8, 0x24ad0000)
  to   space 512K,   0% used [0x24ad0000, 0x24ad0000, 0x24b50000)
 tenured generation   total 10944K, used 5526K [0x29b50000, 0x2a600000, 0x34600000)
   the space 10944K,  50% used [0x29b50000, 0x2a0b5880, 0x2a0b5a00, 0x2a600000)
 compacting perm gen  total 12288K, used 5985K [0x34600000, 0x35200000, 0x38600000)
   the space 12288K,  48% used [0x34600000, 0x34bd8568, 0x34bd8600, 0x35200000)
    ro space 10240K,  42% used [0x38600000, 0x38a37108, 0x38a37200, 0x39000000)
    rw space 12288K,  52% used [0x39000000, 0x39641738, 0x39641800, 0x39c00000)
}
Event: 1.520 GC heap before
{Heap before GC invocations=8 (full 0):
 def new generation   total 4928K, used 4920K [0x24600000, 0x24b50000, 0x29b50000)
  eden space 4416K, 100% used [0x24600000, 0x24a50000, 0x24a50000)
  from space 512K,  98% used [0x24a50000, 0x24ace2a8, 0x24ad0000)
  to   space 512K,   0% used [0x24ad0000, 0x24ad0000, 0x24b50000)
 tenured generation   total 10944K, used 5526K [0x29b50000, 0x2a600000, 0x34600000)
   the space 10944K,  50% used [0x29b50000, 0x2a0b5880, 0x2a0b5a00, 0x2a600000)
 compacting perm gen  total 12288K, used 6879K [0x34600000, 0x35200000, 0x38600000)
   the space 12288K,  55% used [0x34600000, 0x34cb7d30, 0x34cb7e00, 0x35200000)
    ro space 10240K,  42% used [0x38600000, 0x38a37108, 0x38a37200, 0x39000000)
    rw space 12288K,  52% used [0x39000000, 0x39641738, 0x39641800, 0x39c00000)
Event: 1.522 GC heap after
Heap after GC invocations=9 (full 0):
 def new generation   total 4928K, used 223K [0x24600000, 0x24b50000, 0x29b50000)
  eden space 4416K,   0% used [0x24600000, 0x24600000, 0x24a50000)
  from space 512K,  43% used [0x24ad0000, 0x24b07f20, 0x24b50000)
  to   space 512K,   0% used [0x24a50000, 0x24a50000, 0x24ad0000)
 tenured generation   total 10944K, used 5983K [0x29b50000, 0x2a600000, 0x34600000)
   the space 10944K,  54% used [0x29b50000, 0x2a127c58, 0x2a127e00, 0x2a600000)
 compacting perm gen  total 12288K, used 6879K [0x34600000, 0x35200000, 0x38600000)
   the space 12288K,  55% used [0x34600000, 0x34cb7d30, 0x34cb7e00, 0x35200000)
    ro space 10240K,  42% used [0x38600000, 0x38a37108, 0x38a37200, 0x39000000)
    rw space 12288K,  52% used [0x39000000, 0x39641738, 0x39641800, 0x39c00000)
}
Event: 1.593 GC heap before
{Heap before GC invocations=9 (full 0):
 def new generation   total 4928K, used 4639K [0x24600000, 0x24b50000, 0x29b50000)
  eden space 4416K, 100% used [0x24600000, 0x24a50000, 0x24a50000)
  from space 512K,  43% used [0x24ad0000, 0x24b07f20, 0x24b50000)
  to   space 512K,   0% used [0x24a50000, 0x24a50000, 0x24ad0000)
 tenured generation   total 10944K, used 5983K [0x29b50000, 0x2a600000, 0x34600000)
   the space 10944K,  54% used [0x29b50000, 0x2a127c58, 0x2a127e00, 0x2a600000)
 compacting perm gen  total 12288K, used 7740K [0x34600000, 0x35200000, 0x38600000)
   the space 12288K,  62% used [0x34600000, 0x34d8f210, 0x34d8f400, 0x35200000)
    ro space 10240K,  42% used [0x38600000, 0x38a37108, 0x38a37200, 0x39000000)
    rw space 12288K,  52% used [0x39000000, 0x39641738, 0x39641800, 0x39c00000)
Event: 1.596 GC heap after
Heap after GC invocations=10 (full 0):
 def new generation   total 4928K, used 512K [0x24600000, 0x24b50000, 0x29b50000)
  eden space 4416K,   0% used [0x24600000, 0x24600000, 0x24a50000)
  from space 512K, 100% used [0x24a50000, 0x24ad0000, 0x24ad0000)
  to   space 512K,   0% used [0x24ad0000, 0x24ad0000, 0x24b50000)
 tenured generation   total 10944K, used 6160K [0x29b50000, 0x2a600000, 0x34600000)
   the space 10944K,  56% used [0x29b50000, 0x2a1543f0, 0x2a154400, 0x2a600000)
 compacting perm gen  total 12288K, used 7740K [0x34600000, 0x35200000, 0x38600000)
   the space 12288K,  62% used [0x34600000, 0x34d8f210, 0x34d8f400, 0x35200000)
    ro space 10240K,  42% used [0x38600000, 0x38a37108, 0x38a37200, 0x39000000)
    rw space 12288K,  52% used [0x39000000, 0x39641738, 0x39641800, 0x39c00000)
}
Event: 4.135 GC heap before
{Heap before GC invocations=10 (full 0):
 def new generation   total 4928K, used 4928K [0x24600000, 0x24b50000, 0x29b50000)
  eden space 4416K, 100% used [0x24600000, 0x24a50000, 0x24a50000)
  from space 512K, 100% used [0x24a50000, 0x24ad0000, 0x24ad0000)
  to   space 512K,   0% used [0x24ad0000, 0x24ad0000, 0x24b50000)
 tenured generation   total 10944K, used 6160K [0x29b50000, 0x2a600000, 0x34600000)
   the space 10944K,  56% used [0x29b50000, 0x2a1543f0, 0x2a154400, 0x2a600000)
 compacting perm gen  total 12288K, used 8346K [0x34600000, 0x35200000, 0x38600000)
   the space 12288K,  67% used [0x34600000, 0x34e26b30, 0x34e26c00, 0x35200000)
    ro space 10240K,  42% used [0x38600000, 0x38a37108, 0x38a37200, 0x39000000)
    rw space 12288K,  52% used [0x39000000, 0x39641738, 0x39641800, 0x39c00000)
Event: 4.139 GC heap after
Heap after GC invocations=11 (full 0):
 def new generation   total 4928K, used 404K [0x24600000, 0x24b50000, 0x29b50000)
  eden space 4416K,   0% used [0x24600000, 0x24600000, 0x24a50000)
  from space 512K,  78% used [0x24ad0000, 0x24b35138, 0x24b50000)
  to   space 512K,   0% used [0x24a50000, 0x24a50000, 0x24ad0000)
 tenured generation   total 10944K, used 6665K [0x29b50000, 0x2a600000, 0x34600000)
   the space 10944K,  60% used [0x29b50000, 0x2a1d2710, 0x2a1d2800, 0x2a600000)
 compacting perm gen  total 12288K, used 8346K [0x34600000, 0x35200000, 0x38600000)
   the space 12288K,  67% used [0x34600000, 0x34e26b30, 0x34e26c00, 0x35200000)
    ro space 10240K,  42% used [0x38600000, 0x38a37108, 0x38a37200, 0x39000000)
    rw space 12288K,  52% used [0x39000000, 0x39641738, 0x39641800, 0x39c00000)
}
Event: 12.408 GC heap before
{Heap before GC invocations=11 (full 0):
 def new generation   total 4928K, used 4820K [0x24600000, 0x24b50000, 0x29b50000)
  eden space 4416K, 100% used [0x24600000, 0x24a50000, 0x24a50000)
  from space 512K,  78% used [0x24ad0000, 0x24b35138, 0x24b50000)
  to   space 512K,   0% used [0x24a50000, 0x24a50000, 0x24ad0000)
 tenured generation   total 10944K, used 6665K [0x29b50000, 0x2a600000, 0x34600000)
   the space 10944K,  60% used [0x29b50000, 0x2a1d2710, 0x2a1d2800, 0x2a600000)
 compacting perm gen  total 12288K, used 8542K [0x34600000, 0x35200000, 0x38600000)
   the space 12288K,  69% used [0x34600000, 0x34e57960, 0x34e57a00, 0x35200000)
    ro space 10240K,  42% used [0x38600000, 0x38a37108, 0x38a37200, 0x39000000)
    rw space 12288K,  52% used [0x39000000, 0x39641738, 0x39641800, 0x39c00000)
Event: 12.411 GC heap after
Heap after GC invocations=12 (full 0):
 def new generation   total 4928K, used 234K [0x24600000, 0x24b50000, 0x29b50000)
  eden space 4416K,   0% used [0x24600000, 0x24600000, 0x24a50000)
  from space 512K,  45% used [0x24a50000, 0x24a8aa80, 0x24ad0000)
  to   space 512K,   0% used [0x24ad0000, 0x24ad0000, 0x24b50000)
 tenured generation   total 10944K, used 7046K [0x29b50000, 0x2a600000, 0x34600000)
   the space 10944K,  64% used [0x29b50000, 0x2a2319f0, 0x2a231a00, 0x2a600000)
 compacting perm gen  total 12288K, used 8542K [0x34600000, 0x35200000, 0x38600000)
   the space 12288K,  69% used [0x34600000, 0x34e57960, 0x34e57a00, 0x35200000)
    ro space 10240K,  42% used [0x38600000, 0x38a37108, 0x38a37200, 0x39000000)
    rw space 12288K,  52% used [0x39000000, 0x39641738, 0x39641800, 0x39c00000)
}

